Using pre-set license
Built from '2021.3/staging' branch; Version is '2021.3.2f1 (d6360bedb9a0) revision 14038539'; Using compiler version '192829333'; Build Type 'Release'
OS: 'Windows 10  (10.0.19044) 64bit Professional' Language: 'pl' Physical Memory: 16333 MB
BatchMode: 1, IsHumanControllingUs: 0, StartBugReporterOnCrash: 0, Is64bit: 1, IsPro: 1

COMMAND LINE ARGUMENTS:
F:\2021.3.2f1\Editor\Unity.exe
-adb2
-batchMode
-noUpm
-name
AssetImportWorker0
-projectPath
C:/Users/Janich/programowanie_gier
-logFile
Logs/AssetImportWorker0.log
-srvPort
63393
Successfully changed project path to: C:/Users/Janich/programowanie_gier
C:/Users/Janich/programowanie_gier
[UnityMemory] Configuration Parameters - Can be set up in boot.config
    "memorysetup-bucket-allocator-granularity=16"
    "memorysetup-bucket-allocator-bucket-count=8"
    "memorysetup-bucket-allocator-block-size=33554432"
    "memorysetup-bucket-allocator-block-count=8"
    "memorysetup-main-allocator-block-size=16777216"
    "memorysetup-thread-allocator-block-size=16777216"
    "memorysetup-gfx-main-allocator-block-size=16777216"
    "memorysetup-gfx-thread-allocator-block-size=16777216"
    "memorysetup-cache-allocator-block-size=4194304"
    "memorysetup-typetree-allocator-block-size=2097152"
    "memorysetup-profiler-bucket-allocator-granularity=16"
    "memorysetup-profiler-bucket-allocator-bucket-count=8"
    "memorysetup-profiler-bucket-allocator-block-size=33554432"
    "memorysetup-profiler-bucket-allocator-block-count=8"
    "memorysetup-profiler-allocator-block-size=16777216"
    "memorysetup-profiler-editor-allocator-block-size=1048576"
    "memorysetup-temp-allocator-size-main=16777216"
    "memorysetup-job-temp-allocator-block-size=2097152"
    "memorysetup-job-temp-allocator-block-size-background=1048576"
    "memorysetup-job-temp-allocator-reduction-small-platforms=262144"
    "memorysetup-temp-allocator-size-background-worker=32768"
    "memorysetup-temp-allocator-size-job-worker=262144"
    "memorysetup-temp-allocator-size-preload-manager=33554432"
    "memorysetup-temp-allocator-size-nav-mesh-worker=65536"
    "memorysetup-temp-allocator-size-audio-worker=65536"
    "memorysetup-temp-allocator-size-cloud-worker=32768"
    "memorysetup-temp-allocator-size-gi-baking-worker=262144"
    "memorysetup-temp-allocator-size-gfx=262144"
Refreshing native plugins compatible for Editor in 72.00 ms, found 5 plugins.
Preloading 0 native plugins for Editor in 0.00 ms.
Initialize engine version: 2021.3.2f1 (d6360bedb9a0)
[Subsystems] Discovering subsystems at path F:/2021.3.2f1/Editor/Data/Resources/UnitySubsystems
[Subsystems] Discovering subsystems at path C:/Users/Janich/programowanie_gier/Assets
GfxDevice: creating device client; threaded=0; jobified=0
Direct3D:
    Version:  Direct3D 11.0 [level 11.1]
    Renderer: NVIDIA GeForce RTX 2060 (ID=0x1f03)
    Vendor:   NVIDIA
    VRAM:     12087 MB
    Driver:   31.0.15.1640
Initialize mono
Mono path[0] = 'F:/2021.3.2f1/Editor/Data/Managed'
Mono path[1] = 'F:/2021.3.2f1/Editor/Data/MonoBleedingEdge/lib/mono/unityjit-win32'
Mono config path = 'F:/2021.3.2f1/Editor/Data/MonoBleedingEdge/etc'
Using monoOptions --debugger-agent=transport=dt_socket,embedding=1,server=y,suspend=n,address=127.0.0.1:56032
Begin MonoManager ReloadAssembly
Registering precompiled unity dll's ...
Register platform support module: F:/2021.3.2f1/Editor/Data/PlaybackEngines/WebGLSupport/UnityEditor.WebGL.Extensions.dll
Register platform support module: F:/2021.3.2f1/Editor/Data/PlaybackEngines/WindowsStandaloneSupport/UnityEditor.WindowsStandalone.Extensions.dll
Registered in 0.003144 seconds.
Native extension for WindowsStandalone target not found
Native extension for WebGL target not found
Refreshing native plugins compatible for Editor in 66.94 ms, found 5 plugins.
Preloading 0 native plugins for Editor in 0.00 ms.
Mono: successfully reloaded assembly
- Completed reload, in  0.580 seconds
Domain Reload Profiling:
	ReloadAssembly (581ms)
		BeginReloadAssembly (81ms)
			ExecutionOrderSort (0ms)
			DisableScriptedObjects (0ms)
			BackupInstance (0ms)
			ReleaseScriptingObjects (0ms)
			CreateAndSetChildDomain (1ms)
		EndReloadAssembly (403ms)
			LoadAssemblies (81ms)
			RebuildTransferFunctionScriptingTraits (0ms)
			SetupTypeCache (95ms)
			ReleaseScriptCaches (0ms)
			RebuildScriptCaches (23ms)
			SetupLoadedEditorAssemblies (240ms)
				LogAssemblyErrors (0ms)
				InitializePlatformSupportModulesInManaged (7ms)
				SetLoadedEditorAssemblies (0ms)
				RefreshPlugins (67ms)
				BeforeProcessingInitializeOnLoad (1ms)
				ProcessInitializeOnLoadAttributes (127ms)
				ProcessInitializeOnLoadMethodAttributes (38ms)
				AfterProcessingInitializeOnLoad (0ms)
				EditorAssembliesLoaded (0ms)
			ExecutionOrderSort2 (0ms)
			AwakeInstancesAfterBackupRestoration (0ms)
Platform modules already initialized, skipping
Registering precompiled user dll's ...
Registered in 0.011162 seconds.
Begin MonoManager ReloadAssembly
Native extension for WindowsStandalone target not found
Native extension for WebGL target not found
Refreshing native plugins compatible for Editor in 0.50 ms, found 5 plugins.
Preloading 0 native plugins for Editor in 0.00 ms.
Mono: successfully reloaded assembly
- Completed reload, in  0.909 seconds
Domain Reload Profiling:
	ReloadAssembly (910ms)
		BeginReloadAssembly (119ms)
			ExecutionOrderSort (0ms)
			DisableScriptedObjects (5ms)
			BackupInstance (0ms)
			ReleaseScriptingObjects (0ms)
			CreateAndSetChildDomain (19ms)
		EndReloadAssembly (683ms)
			LoadAssemblies (88ms)
			RebuildTransferFunctionScriptingTraits (0ms)
			SetupTypeCache (209ms)
			ReleaseScriptCaches (1ms)
			RebuildScriptCaches (42ms)
			SetupLoadedEditorAssemblies (326ms)
				LogAssemblyErrors (0ms)
				InitializePlatformSupportModulesInManaged (4ms)
				SetLoadedEditorAssemblies (0ms)
				RefreshPlugins (1ms)
				BeforeProcessingInitializeOnLoad (75ms)
				ProcessInitializeOnLoadAttributes (216ms)
				ProcessInitializeOnLoadMethodAttributes (26ms)
				AfterProcessingInitializeOnLoad (3ms)
				EditorAssembliesLoaded (0ms)
			ExecutionOrderSort2 (0ms)
			AwakeInstancesAfterBackupRestoration (5ms)
Platform modules already initialized, skipping
========================================================================
Worker process is ready to serve import requests
Launched and connected shader compiler UnityShaderCompiler.exe after 0.06 seconds
Refreshing native plugins compatible for Editor in 0.96 ms, found 5 plugins.
Preloading 0 native plugins for Editor in 0.00 ms.
Unloading 3258 Unused Serialized files (Serialized files now loaded: 0)
Unloading 40 unused Assets / (57.2 KB). Loaded Objects now: 3743.
Memory consumption went from 112.0 MB to 112.0 MB.
Total: 3.180800 ms (FindLiveObjects: 0.466300 ms CreateObjectMapping: 0.113000 ms MarkObjects: 2.539500 ms  DeleteObjects: 0.060600 ms)

AssetImportParameters requested are different than current active one (requested -> active):
  custom:video-decoder-ogg-theora: a1e56fd34408186e4bbccfd4996cb3dc -> 
  custom:container-muxer-webm: aa71ff27fc2769a1b78a27578f13a17b -> 
  custom:container-demuxer-webm: 4f35f7cbe854078d1ac9338744f61a02 -> 
  custom:video-encoder-webm-vp8: eb34c28f22e8b96e1ab97ce403110664 -> 
  custom:audio-encoder-webm-vorbis: bf7c407c2cedff20999df2af8eb42d56 -> 
  custom:framework-win-MediaFoundation: 216162199b28c13a410421893ffa2e32 -> 
  custom:container-demuxer-ogg: 62fdf1f143b41e24485cea50d1cbac27 -> 
  custom:video-decoder-webm-vp8: 9c59270c3fd7afecdb556c50c9e8de78 -> 
  custom:audio-decoder-ogg-vorbis: bf7c407c2cedff20999df2af8eb42d56 -> 
========================================================================
Received Import Request.
  Time since last request: 7887.449821 seconds.
  path: Assets/obrazy-i-plakaty-12320957_6788571379.jpg
  artifactKey: Guid(bcb255015d4d91c40bbecda788ce73c9) Importer(815301076,1909f56bfc062723c751e8b465ee728b)
Start importing Assets/obrazy-i-plakaty-12320957_6788571379.jpg using Guid(bcb255015d4d91c40bbecda788ce73c9) Importer(815301076,1909f56bfc062723c751e8b465ee728b)  -> (artifact id: 'cd05fe241424035a8bc3bbfc32c34183') in 0.068210 seconds 
========================================================================
Received Import Request.
  Time since last request: 109.329035 seconds.
  path: Assets/Sprite/Statki/SpaceShooterAssetPack_Ships_1_2.png
  artifactKey: Guid(ab3c56ae5bccc6b4b807e1f57845cb8f) Importer(815301076,1909f56bfc062723c751e8b465ee728b)
Start importing Assets/Sprite/Statki/SpaceShooterAssetPack_Ships_1_2.png using Guid(ab3c56ae5bccc6b4b807e1f57845cb8f) Importer(815301076,1909f56bfc062723c751e8b465ee728b)  -> (artifact id: 'a93ff2491dc9751aef7fc0c3e5d44a1a') in 0.015660 seconds 
========================================================================
Received Import Request.
  Time since last request: 0.000024 seconds.
  path: Assets/Sprite/Statki/SpaceShooterAssetPack_Ships_1_9.png
  artifactKey: Guid(f3d958aa7116989438eee4621f35e0db) Importer(815301076,1909f56bfc062723c751e8b465ee728b)
Start importing Assets/Sprite/Statki/SpaceShooterAssetPack_Ships_1_9.png using Guid(f3d958aa7116989438eee4621f35e0db) Importer(815301076,1909f56bfc062723c751e8b465ee728b)  -> (artifact id: 'a05476457a21a3d29a6dfe3410e6d033') in 0.012681 seconds 
========================================================================
Received Import Request.
  Time since last request: 0.000021 seconds.
  path: Assets/Sprite/Statki/SpaceShooterAssetPack_Ships_2_7.png
  artifactKey: Guid(d923afec843016f4c9677ab472e040a3) Importer(815301076,1909f56bfc062723c751e8b465ee728b)
Start importing Assets/Sprite/Statki/SpaceShooterAssetPack_Ships_2_7.png using Guid(d923afec843016f4c9677ab472e040a3) Importer(815301076,1909f56bfc062723c751e8b465ee728b)  -> (artifact id: '2bf34faef4696f854b12eba8fedb4073') in 0.012959 seconds 
========================================================================
Received Import Request.
  Time since last request: 0.000024 seconds.
  path: Assets/Sprite/Statki/SpaceShooterAssetPack_Ships_5_5.png
  artifactKey: Guid(1efccc4feb66489429fe5d783d4b205f) Importer(815301076,1909f56bfc062723c751e8b465ee728b)
Start importing Assets/Sprite/Statki/SpaceShooterAssetPack_Ships_5_5.png using Guid(1efccc4feb66489429fe5d783d4b205f) Importer(815301076,1909f56bfc062723c751e8b465ee728b)  -> (artifact id: '70f4754b9556e5c9965b80556d46f054') in 0.013011 seconds 
========================================================================
Received Import Request.
  Time since last request: 0.000029 seconds.
  path: Assets/Sprite/Statki/SpaceShooterAssetPack_Ships_2_2.png
  artifactKey: Guid(1ba2521131ae6ee46b00dff60ee21f7b) Importer(815301076,1909f56bfc062723c751e8b465ee728b)
Start importing Assets/Sprite/Statki/SpaceShooterAssetPack_Ships_2_2.png using Guid(1ba2521131ae6ee46b00dff60ee21f7b) Importer(815301076,1909f56bfc062723c751e8b465ee728b)  -> (artifact id: '1e49fe7f30267dbf5bbca02c181f6736') in 0.013265 seconds 
========================================================================
Received Import Request.
  Time since last request: 0.000033 seconds.
  path: Assets/Sprite/Statki/SpaceShooterAssetPack_Ships_4_3.png
  artifactKey: Guid(ef070f01c0fce8940add13de378fb664) Importer(815301076,1909f56bfc062723c751e8b465ee728b)
Start importing Assets/Sprite/Statki/SpaceShooterAssetPack_Ships_4_3.png using Guid(ef070f01c0fce8940add13de378fb664) Importer(815301076,1909f56bfc062723c751e8b465ee728b)  -> (artifact id: 'e42cc67eb4402928ad0dd4b8d0911a91') in 0.013131 seconds 
========================================================================
Received Import Request.
  Time since last request: 0.000028 seconds.
  path: Assets/Sprite/Statki/SpaceShooterAssetPack_Ships_3_6.png
  artifactKey: Guid(7b3675085f63f0144bec4fd8392c1fd1) Importer(815301076,1909f56bfc062723c751e8b465ee728b)
Start importing Assets/Sprite/Statki/SpaceShooterAssetPack_Ships_3_6.png using Guid(7b3675085f63f0144bec4fd8392c1fd1) Importer(815301076,1909f56bfc062723c751e8b465ee728b)  -> (artifact id: '3f2cd5aa257df0d5168ebf900ca9359b') in 0.012773 seconds 
========================================================================
Received Import Request.
  Time since last request: 0.000028 seconds.
  path: Assets/Sprite/Statki/SpaceShooterAssetPack_Ships_6_6.png
  artifactKey: Guid(c4be5bc04d5daee439c47aa78100a460) Importer(815301076,1909f56bfc062723c751e8b465ee728b)
Start importing Assets/Sprite/Statki/SpaceShooterAssetPack_Ships_6_6.png using Guid(c4be5bc04d5daee439c47aa78100a460) Importer(815301076,1909f56bfc062723c751e8b465ee728b)  -> (artifact id: 'b73d02959c976e9fb739f1acdceef9be') in 0.010350 seconds 
========================================================================
Received Import Request.
  Time since last request: 0.000021 seconds.
  path: Assets/Sprite/Statki/SpaceShooterAssetPack_Ships_1_8.png
  artifactKey: Guid(f9b61820b343d67468959ee7cf6a3487) Importer(815301076,1909f56bfc062723c751e8b465ee728b)
Start importing Assets/Sprite/Statki/SpaceShooterAssetPack_Ships_1_8.png using Guid(f9b61820b343d67468959ee7cf6a3487) Importer(815301076,1909f56bfc062723c751e8b465ee728b)  -> (artifact id: '4c481f71ff1f1e2ddaf9d6466162ecdd') in 0.010045 seconds 
========================================================================
Received Import Request.
  Time since last request: 0.000036 seconds.
  path: Assets/Sprite/Statki/SpaceShooterAssetPack_Ships_3_7.png
  artifactKey: Guid(4566b2b7510b5c9428b82dbc1c835825) Importer(815301076,1909f56bfc062723c751e8b465ee728b)
Start importing Assets/Sprite/Statki/SpaceShooterAssetPack_Ships_3_7.png using Guid(4566b2b7510b5c9428b82dbc1c835825) Importer(815301076,1909f56bfc062723c751e8b465ee728b)  -> (artifact id: '4dc6a4fb295d0df6e51fac62259a3589') in 0.010208 seconds 
========================================================================
Received Import Request.
  Time since last request: 0.000021 seconds.
  path: Assets/Sprite/Statki/SpaceShooterAssetPack_Ships_1_10.png
  artifactKey: Guid(7ff665f027553fa4695011fef841eec7) Importer(815301076,1909f56bfc062723c751e8b465ee728b)
Start importing Assets/Sprite/Statki/SpaceShooterAssetPack_Ships_1_10.png using Guid(7ff665f027553fa4695011fef841eec7) Importer(815301076,1909f56bfc062723c751e8b465ee728b)  -> (artifact id: 'bcb03cdaa067288a33f2143da5ed818d') in 0.011558 seconds 
========================================================================
Received Import Request.
  Time since last request: 0.000029 seconds.
  path: Assets/Sprite/Statki/SpaceShooterAssetPack_Ships_6_8.png
  artifactKey: Guid(ca841f2cc197de1479cd95402758ce9f) Importer(815301076,1909f56bfc062723c751e8b465ee728b)
Start importing Assets/Sprite/Statki/SpaceShooterAssetPack_Ships_6_8.png using Guid(ca841f2cc197de1479cd95402758ce9f) Importer(815301076,1909f56bfc062723c751e8b465ee728b)  -> (artifact id: '5849a2b5078c295eb13b16fc348dc9f5') in 0.011358 seconds 
========================================================================
Received Import Request.
  Time since last request: 0.000033 seconds.
  path: Assets/Sprite/Statki/SpaceShooterAssetPack_Ships_2_8.png
  artifactKey: Guid(af11213d0cc4a0345bf11da2f821b106) Importer(815301076,1909f56bfc062723c751e8b465ee728b)
Start importing Assets/Sprite/Statki/SpaceShooterAssetPack_Ships_2_8.png using Guid(af11213d0cc4a0345bf11da2f821b106) Importer(815301076,1909f56bfc062723c751e8b465ee728b)  -> (artifact id: 'cb6555c94c3e76e1e510bfcf3785d268') in 0.010577 seconds 
========================================================================
Received Import Request.
  Time since last request: 0.000022 seconds.
  path: Assets/Sprite/Statki/SpaceShooterAssetPack_Ships_6_10.png
  artifactKey: Guid(b4c9b1c537251424da0d35265462f4ad) Importer(815301076,1909f56bfc062723c751e8b465ee728b)
Start importing Assets/Sprite/Statki/SpaceShooterAssetPack_Ships_6_10.png using Guid(b4c9b1c537251424da0d35265462f4ad) Importer(815301076,1909f56bfc062723c751e8b465ee728b)  -> (artifact id: '57ce9de421515adbc4fdee6a2e52b2fe') in 0.010713 seconds 
========================================================================
Received Import Request.
  Time since last request: 0.000029 seconds.
  path: Assets/Sprite/Statki/SpaceShooterAssetPack_Ships_5_6.png
  artifactKey: Guid(9702b4d2fd18b424ca58c8d9f4e74c16) Importer(815301076,1909f56bfc062723c751e8b465ee728b)
Start importing Assets/Sprite/Statki/SpaceShooterAssetPack_Ships_5_6.png using Guid(9702b4d2fd18b424ca58c8d9f4e74c16) Importer(815301076,1909f56bfc062723c751e8b465ee728b)  -> (artifact id: '7ffc7d8d01d1b8165e8beba7fbd5cb0e') in 0.011254 seconds 
========================================================================
Received Import Request.
  Time since last request: 0.000035 seconds.
  path: Assets/Sprite/Statki/SpaceShooterAssetPack_Ships_3_9.png
  artifactKey: Guid(b326703057d361a4d8512649f0e6291b) Importer(815301076,1909f56bfc062723c751e8b465ee728b)
Start importing Assets/Sprite/Statki/SpaceShooterAssetPack_Ships_3_9.png using Guid(b326703057d361a4d8512649f0e6291b) Importer(815301076,1909f56bfc062723c751e8b465ee728b)  -> (artifact id: 'f97369bbdc2c1474efad7041bec3ba82') in 0.010219 seconds 
========================================================================
Received Import Request.
  Time since last request: 0.000026 seconds.
  path: Assets/Sprite/Statki/SpaceShooterAssetPack_Ships_5_8.png
  artifactKey: Guid(d3a40a8cd8cd7244d9e50184b8df476a) Importer(815301076,1909f56bfc062723c751e8b465ee728b)
Start importing Assets/Sprite/Statki/SpaceShooterAssetPack_Ships_5_8.png using Guid(d3a40a8cd8cd7244d9e50184b8df476a) Importer(815301076,1909f56bfc062723c751e8b465ee728b)  -> (artifact id: '222e95e8378e9cdc1529a55d570f1278') in 0.010389 seconds 
========================================================================
Received Import Request.
  Time since last request: 0.000036 seconds.
  path: Assets/Sprite/Statki/SpaceShooterAssetPack_Ships_4_8.png
  artifactKey: Guid(4ff5c7d52aa77ec4b824219bcec9aefc) Importer(815301076,1909f56bfc062723c751e8b465ee728b)
Start importing Assets/Sprite/Statki/SpaceShooterAssetPack_Ships_4_8.png using Guid(4ff5c7d52aa77ec4b824219bcec9aefc) Importer(815301076,1909f56bfc062723c751e8b465ee728b)  -> (artifact id: '52ebe787f0ecc453829d24e96a104539') in 0.010838 seconds 
========================================================================
Received Import Request.
  Time since last request: 0.000030 seconds.
  path: Assets/Sprite/Statki/SpaceShooterAssetPack_Ships_2_9.png
  artifactKey: Guid(dbd63168793cab74987171aee56df7df) Importer(815301076,1909f56bfc062723c751e8b465ee728b)
Start importing Assets/Sprite/Statki/SpaceShooterAssetPack_Ships_2_9.png using Guid(dbd63168793cab74987171aee56df7df) Importer(815301076,1909f56bfc062723c751e8b465ee728b)  -> (artifact id: '7c96107fa63f8221e4a8c2ad7d936508') in 0.010578 seconds 
========================================================================
Received Import Request.
  Time since last request: 0.000018 seconds.
  path: Assets/Sprite/Statki/SpaceShooterAssetPack_Ships_1_7.png
  artifactKey: Guid(ab96f4b1dfe2d584bbddc7973f1afa66) Importer(815301076,1909f56bfc062723c751e8b465ee728b)
Start importing Assets/Sprite/Statki/SpaceShooterAssetPack_Ships_1_7.png using Guid(ab96f4b1dfe2d584bbddc7973f1afa66) Importer(815301076,1909f56bfc062723c751e8b465ee728b)  -> (artifact id: '51197438c5ded06274e35fbcb4f9f32f') in 0.010930 seconds 
========================================================================
Received Import Request.
  Time since last request: 0.000030 seconds.
  path: Assets/Sprite/Statki/SpaceShooterAssetPack_Ships_5_3.png
  artifactKey: Guid(3db7cdc61c8d2c04fad9dee2649b2b8a) Importer(815301076,1909f56bfc062723c751e8b465ee728b)
Start importing Assets/Sprite/Statki/SpaceShooterAssetPack_Ships_5_3.png using Guid(3db7cdc61c8d2c04fad9dee2649b2b8a) Importer(815301076,1909f56bfc062723c751e8b465ee728b)  -> (artifact id: '1a17c1f7570efbcce333ee046641da9c') in 0.010848 seconds 
========================================================================
Received Import Request.
  Time since last request: 0.000023 seconds.
  path: Assets/Sprite/Statki/SpaceShooterAssetPack_Ships_3_10.png
  artifactKey: Guid(79b0cd20f220f514fa2755354e81292b) Importer(815301076,1909f56bfc062723c751e8b465ee728b)
Start importing Assets/Sprite/Statki/SpaceShooterAssetPack_Ships_3_10.png using Guid(79b0cd20f220f514fa2755354e81292b) Importer(815301076,1909f56bfc062723c751e8b465ee728b)  -> (artifact id: '5e6a2df983d1410b42a236e85758e16c') in 0.010025 seconds 
========================================================================
Received Import Request.
  Time since last request: 0.000024 seconds.
  path: Assets/Sprite/Statki/SpaceShooterAssetPack_Ships_6_9.png
  artifactKey: Guid(3126b7de1e9ddce4daac91be2146a369) Importer(815301076,1909f56bfc062723c751e8b465ee728b)
Start importing Assets/Sprite/Statki/SpaceShooterAssetPack_Ships_6_9.png using Guid(3126b7de1e9ddce4daac91be2146a369) Importer(815301076,1909f56bfc062723c751e8b465ee728b)  -> (artifact id: '312d861269682e45ab55e46f03f7eb72') in 0.010191 seconds 
========================================================================
Received Import Request.
  Time since last request: 0.000028 seconds.
  path: Assets/Sprite/Statki/SpaceShooterAssetPack_Ships_5_4.png
  artifactKey: Guid(2b3bd792cd1ea9a48b956e0ba59450d7) Importer(815301076,1909f56bfc062723c751e8b465ee728b)
Start importing Assets/Sprite/Statki/SpaceShooterAssetPack_Ships_5_4.png using Guid(2b3bd792cd1ea9a48b956e0ba59450d7) Importer(815301076,1909f56bfc062723c751e8b465ee728b)  -> (artifact id: 'c0c3952a23b2687fafe1e7442deb6109') in 0.010163 seconds 
========================================================================
Received Import Request.
  Time since last request: 19.419701 seconds.
  path: Assets/Sprite/Lasery/SpaceShooterAssetPack_Projectiles_1_1.png
  artifactKey: Guid(23cfc8055a6f81b43bf5455725c7d456) Importer(815301076,1909f56bfc062723c751e8b465ee728b)
Start importing Assets/Sprite/Lasery/SpaceShooterAssetPack_Projectiles_1_1.png using Guid(23cfc8055a6f81b43bf5455725c7d456) Importer(815301076,1909f56bfc062723c751e8b465ee728b)  -> (artifact id: '6d367554f8a550d1ec95ebab154b53bd') in 0.010700 seconds 
========================================================================
Received Import Request.
  Time since last request: 0.000026 seconds.
  path: Assets/Sprite/Lasery/SpaceShooterAssetPack_Projectiles_8_3.png
  artifactKey: Guid(ea7f473f56d43f04abe7d871a7a2d6b2) Importer(815301076,1909f56bfc062723c751e8b465ee728b)
Start importing Assets/Sprite/Lasery/SpaceShooterAssetPack_Projectiles_8_3.png using Guid(ea7f473f56d43f04abe7d871a7a2d6b2) Importer(815301076,1909f56bfc062723c751e8b465ee728b)  -> (artifact id: '2e56227dddf7c2a59c10474d0480e7b4') in 0.010606 seconds 
========================================================================
Received Import Request.
  Time since last request: 0.000020 seconds.
  path: Assets/Sprite/Lasery/SpaceShooterAssetPack_Projectiles_4_1.png
  artifactKey: Guid(8eea36f402d1e5242b552faa38cee225) Importer(815301076,1909f56bfc062723c751e8b465ee728b)
Start importing Assets/Sprite/Lasery/SpaceShooterAssetPack_Projectiles_4_1.png using Guid(8eea36f402d1e5242b552faa38cee225) Importer(815301076,1909f56bfc062723c751e8b465ee728b)  -> (artifact id: '12cf89c507a9d202b05fc307ca6a478f') in 0.010473 seconds 
========================================================================
Received Import Request.
  Time since last request: 0.000015 seconds.
  path: Assets/Sprite/Lasery/SpaceShooterAssetPack_Projectiles_7_2.png
  artifactKey: Guid(f3a92d95ba3319246bc6c2853aec5f0c) Importer(815301076,1909f56bfc062723c751e8b465ee728b)
Start importing Assets/Sprite/Lasery/SpaceShooterAssetPack_Projectiles_7_2.png using Guid(f3a92d95ba3319246bc6c2853aec5f0c) Importer(815301076,1909f56bfc062723c751e8b465ee728b)  -> (artifact id: '0883d9588f1bf23eb0fabeb6f651a88c') in 0.010172 seconds 
========================================================================
Received Import Request.
  Time since last request: 0.000016 seconds.
  path: Assets/Sprite/Lasery/SpaceShooterAssetPack_Projectiles_7_4.png
  artifactKey: Guid(6f2cb30d3bfadb54286ba0ce9f73b310) Importer(815301076,1909f56bfc062723c751e8b465ee728b)
Start importing Assets/Sprite/Lasery/SpaceShooterAssetPack_Projectiles_7_4.png using Guid(6f2cb30d3bfadb54286ba0ce9f73b310) Importer(815301076,1909f56bfc062723c751e8b465ee728b)  -> (artifact id: 'f8f2370b957d2b26eac1b295a8dddf82') in 0.009789 seconds 
========================================================================
Received Import Request.
  Time since last request: 0.000022 seconds.
  path: Assets/Sprite/Lasery/SpaceShooterAssetPack_Projectiles_8_2.png
  artifactKey: Guid(e75431b594657b24a96bd0d7e6e6f28d) Importer(815301076,1909f56bfc062723c751e8b465ee728b)
Start importing Assets/Sprite/Lasery/SpaceShooterAssetPack_Projectiles_8_2.png using Guid(e75431b594657b24a96bd0d7e6e6f28d) Importer(815301076,1909f56bfc062723c751e8b465ee728b)  -> (artifact id: '2a2f408581cad7d5e964ab4a76ee98f2') in 0.009906 seconds 
========================================================================
Received Import Request.
  Time since last request: 0.000025 seconds.
  path: Assets/Sprite/Lasery/SpaceShooterAssetPack_Projectiles_6_2.png
  artifactKey: Guid(ea19780fa51a4944e98212f714cbec4b) Importer(815301076,1909f56bfc062723c751e8b465ee728b)
Start importing Assets/Sprite/Lasery/SpaceShooterAssetPack_Projectiles_6_2.png using Guid(ea19780fa51a4944e98212f714cbec4b) Importer(815301076,1909f56bfc062723c751e8b465ee728b)  -> (artifact id: '8498e88eb999ece7b5e72bad7297156a') in 0.010138 seconds 
========================================================================
Received Import Request.
  Time since last request: 0.000019 seconds.
  path: Assets/Sprite/Lasery/SpaceShooterAssetPack_Projectiles_2_2.png
  artifactKey: Guid(2b54e3878ba4ee54eb7d056c28935345) Importer(815301076,1909f56bfc062723c751e8b465ee728b)
Start importing Assets/Sprite/Lasery/SpaceShooterAssetPack_Projectiles_2_2.png using Guid(2b54e3878ba4ee54eb7d056c28935345) Importer(815301076,1909f56bfc062723c751e8b465ee728b)  -> (artifact id: '02a1e011d88f61973aa05bb71e67366d') in 0.009551 seconds 
========================================================================
Received Import Request.
  Time since last request: 0.000025 seconds.
  path: Assets/Sprite/Lasery/SpaceShooterAssetPack_Projectiles_5_2.png
  artifactKey: Guid(8456bb0bca897b849869a908f4c2fa6c) Importer(815301076,1909f56bfc062723c751e8b465ee728b)
Start importing Assets/Sprite/Lasery/SpaceShooterAssetPack_Projectiles_5_2.png using Guid(8456bb0bca897b849869a908f4c2fa6c) Importer(815301076,1909f56bfc062723c751e8b465ee728b)  -> (artifact id: 'c0a550a72b378fb7dd8079c5490727bb') in 0.009681 seconds 
========================================================================
Received Import Request.
  Time since last request: 0.000023 seconds.
  path: Assets/Sprite/Lasery/SpaceShooterAssetPack_Projectiles_1_5.png
  artifactKey: Guid(b2362c0ce76d9cf4fb6f34df83f81544) Importer(815301076,1909f56bfc062723c751e8b465ee728b)
Start importing Assets/Sprite/Lasery/SpaceShooterAssetPack_Projectiles_1_5.png using Guid(b2362c0ce76d9cf4fb6f34df83f81544) Importer(815301076,1909f56bfc062723c751e8b465ee728b)  -> (artifact id: 'cc001607b2faf90d1a8d401f5aa7cbca') in 0.010328 seconds 
========================================================================
Received Import Request.
  Time since last request: 0.000028 seconds.
  path: Assets/Sprite/Lasery/SpaceShooterAssetPack_Projectiles_5_6.png
  artifactKey: Guid(787cad23d967ed342b6dcdbf7d647f0b) Importer(815301076,1909f56bfc062723c751e8b465ee728b)
Start importing Assets/Sprite/Lasery/SpaceShooterAssetPack_Projectiles_5_6.png using Guid(787cad23d967ed342b6dcdbf7d647f0b) Importer(815301076,1909f56bfc062723c751e8b465ee728b)  -> (artifact id: '827ecf2783f78352aa5011ceece9016a') in 0.009976 seconds 
========================================================================
Received Import Request.
  Time since last request: 0.000022 seconds.
  path: Assets/Sprite/Lasery/SpaceShooterAssetPack_Projectiles_8_1.png
  artifactKey: Guid(f27c533d01728b143b40b0b3643bf30f) Importer(815301076,1909f56bfc062723c751e8b465ee728b)
Start importing Assets/Sprite/Lasery/SpaceShooterAssetPack_Projectiles_8_1.png using Guid(f27c533d01728b143b40b0b3643bf30f) Importer(815301076,1909f56bfc062723c751e8b465ee728b)  -> (artifact id: '11713f86a04db8483b67b0daa757e830') in 0.010063 seconds 
========================================================================
Received Import Request.
  Time since last request: 0.000027 seconds.
  path: Assets/Sprite/Lasery/SpaceShooterAssetPack_Projectiles_3_4.png
  artifactKey: Guid(e58a2903aa897b5418a4f47de8d30a08) Importer(815301076,1909f56bfc062723c751e8b465ee728b)
Start importing Assets/Sprite/Lasery/SpaceShooterAssetPack_Projectiles_3_4.png using Guid(e58a2903aa897b5418a4f47de8d30a08) Importer(815301076,1909f56bfc062723c751e8b465ee728b)  -> (artifact id: '2ddde911ce33a66a2f9649dc19ffc761') in 0.010590 seconds 
========================================================================
Received Import Request.
  Time since last request: 0.000027 seconds.
  path: Assets/Sprite/Lasery/SpaceShooterAssetPack_Projectiles_6_3.png
  artifactKey: Guid(f62718f771f550449b782076ff9c621f) Importer(815301076,1909f56bfc062723c751e8b465ee728b)
Start importing Assets/Sprite/Lasery/SpaceShooterAssetPack_Projectiles_6_3.png using Guid(f62718f771f550449b782076ff9c621f) Importer(815301076,1909f56bfc062723c751e8b465ee728b)  -> (artifact id: '26ad121b63b7c7a12fec514ad8e8fd0b') in 0.009825 seconds 
========================================================================
Received Import Request.
  Time since last request: 0.000029 seconds.
  path: Assets/Sprite/Lasery/SpaceShooterAssetPack_Projectiles_5_5.png
  artifactKey: Guid(7228cdf994126654b84284938a5dbbec) Importer(815301076,1909f56bfc062723c751e8b465ee728b)
Start importing Assets/Sprite/Lasery/SpaceShooterAssetPack_Projectiles_5_5.png using Guid(7228cdf994126654b84284938a5dbbec) Importer(815301076,1909f56bfc062723c751e8b465ee728b)  -> (artifact id: 'd6dd9c41544588a4143347216250ffa0') in 0.009595 seconds 
========================================================================
Received Import Request.
  Time since last request: 0.000019 seconds.
  path: Assets/Sprite/Lasery/SpaceShooterAssetPack_Projectiles_4_2.png
  artifactKey: Guid(e41aebe13430b404280f15ccb1ec2613) Importer(815301076,1909f56bfc062723c751e8b465ee728b)
Start importing Assets/Sprite/Lasery/SpaceShooterAssetPack_Projectiles_4_2.png using Guid(e41aebe13430b404280f15ccb1ec2613) Importer(815301076,1909f56bfc062723c751e8b465ee728b)  -> (artifact id: 'ba661276be5ba17840673e23555be952') in 0.011032 seconds 
========================================================================
Received Import Request.
  Time since last request: 0.000022 seconds.
  path: Assets/Sprite/Lasery/SpaceShooterAssetPack_Projectiles_6_5.png
  artifactKey: Guid(23e6213a7b0174340b48276565c8c88e) Importer(815301076,1909f56bfc062723c751e8b465ee728b)
Start importing Assets/Sprite/Lasery/SpaceShooterAssetPack_Projectiles_6_5.png using Guid(23e6213a7b0174340b48276565c8c88e) Importer(815301076,1909f56bfc062723c751e8b465ee728b)  -> (artifact id: '7c4a2368a46b0359b3e61e8688dca3d2') in 0.009746 seconds 
========================================================================
Received Import Request.
  Time since last request: 0.000026 seconds.
  path: Assets/Sprite/Lasery/SpaceShooterAssetPack_Projectiles_3_3.png
  artifactKey: Guid(5eab29792a92da84d986d209cb069b7e) Importer(815301076,1909f56bfc062723c751e8b465ee728b)
Start importing Assets/Sprite/Lasery/SpaceShooterAssetPack_Projectiles_3_3.png using Guid(5eab29792a92da84d986d209cb069b7e) Importer(815301076,1909f56bfc062723c751e8b465ee728b)  -> (artifact id: 'fe188f9c86c0591d0b0d01277b9f9326') in 0.011187 seconds 
========================================================================
Received Import Request.
  Time since last request: 0.000023 seconds.
  path: Assets/Sprite/Lasery/SpaceShooterAssetPack_Projectiles_4_6.png
  artifactKey: Guid(cea4c2ddce7d08f4680e373f256a6b50) Importer(815301076,1909f56bfc062723c751e8b465ee728b)
Start importing Assets/Sprite/Lasery/SpaceShooterAssetPack_Projectiles_4_6.png using Guid(cea4c2ddce7d08f4680e373f256a6b50) Importer(815301076,1909f56bfc062723c751e8b465ee728b)  -> (artifact id: 'd48984e43ee863a7472e63add00444ee') in 0.010242 seconds 
========================================================================
Received Import Request.
  Time since last request: 0.000029 seconds.
  path: Assets/Sprite/Lasery/SpaceShooterAssetPack_Projectiles_2_6.png
  artifactKey: Guid(8d16bf11ca1ce714789c13649e02bd65) Importer(815301076,1909f56bfc062723c751e8b465ee728b)
Start importing Assets/Sprite/Lasery/SpaceShooterAssetPack_Projectiles_2_6.png using Guid(8d16bf11ca1ce714789c13649e02bd65) Importer(815301076,1909f56bfc062723c751e8b465ee728b)  -> (artifact id: 'cab02d3c32bcb1e2dbfa3c9365f9dbcc') in 0.010868 seconds 
========================================================================
Received Import Request.
  Time since last request: 0.000028 seconds.
  path: Assets/Sprite/Lasery/SpaceShooterAssetPack_Projectiles_5_1.png
  artifactKey: Guid(aff111823e046424da49bf1ba63ceb30) Importer(815301076,1909f56bfc062723c751e8b465ee728b)
Start importing Assets/Sprite/Lasery/SpaceShooterAssetPack_Projectiles_5_1.png using Guid(aff111823e046424da49bf1ba63ceb30) Importer(815301076,1909f56bfc062723c751e8b465ee728b)  -> (artifact id: '4910acb4a945dd3826d60b090538903f') in 0.010534 seconds 
========================================================================
Received Import Request.
  Time since last request: 0.000031 seconds.
  path: Assets/Sprite/Lasery/SpaceShooterAssetPack_Projectiles_4_4.png
  artifactKey: Guid(330a1d1a5aa231c41a2776e870f16622) Importer(815301076,1909f56bfc062723c751e8b465ee728b)
Start importing Assets/Sprite/Lasery/SpaceShooterAssetPack_Projectiles_4_4.png using Guid(330a1d1a5aa231c41a2776e870f16622) Importer(815301076,1909f56bfc062723c751e8b465ee728b)  -> (artifact id: 'a324b1e85cd2a346c7289c1b84f67829') in 0.010787 seconds 
========================================================================
Received Import Request.
  Time since last request: 0.000019 seconds.
  path: Assets/Sprite/Lasery/SpaceShooterAssetPack_Projectiles_7_6.png
  artifactKey: Guid(af46f229987b18441ae69f8ac96d607d) Importer(815301076,1909f56bfc062723c751e8b465ee728b)
Start importing Assets/Sprite/Lasery/SpaceShooterAssetPack_Projectiles_7_6.png using Guid(af46f229987b18441ae69f8ac96d607d) Importer(815301076,1909f56bfc062723c751e8b465ee728b)  -> (artifact id: 'ee5cb44f583fda82361d47d188378d9b') in 0.010847 seconds 
