Using pre-set license
Built from '2021.3/staging' branch; Version is '2021.3.2f1 (d6360bedb9a0) revision 14038539'; Using compiler version '192829333'; Build Type 'Release'
OS: 'Windows 10  (10.0.19044) 64bit Professional' Language: 'pl' Physical Memory: 16333 MB
BatchMode: 1, IsHumanControllingUs: 0, StartBugReporterOnCrash: 0, Is64bit: 1, IsPro: 1

COMMAND LINE ARGUMENTS:
F:\2021.3.2f1\Editor\Unity.exe
-adb2
-batchMode
-noUpm
-name
AssetImportWorker1
-projectPath
C:/Users/Janich/programowanie_gier
-logFile
Logs/AssetImportWorker1.log
-srvPort
63393
Successfully changed project path to: C:/Users/Janich/programowanie_gier
C:/Users/Janich/programowanie_gier
[UnityMemory] Configuration Parameters - Can be set up in boot.config
    "memorysetup-bucket-allocator-granularity=16"
    "memorysetup-bucket-allocator-bucket-count=8"
    "memorysetup-bucket-allocator-block-size=33554432"
    "memorysetup-bucket-allocator-block-count=8"
    "memorysetup-main-allocator-block-size=16777216"
    "memorysetup-thread-allocator-block-size=16777216"
    "memorysetup-gfx-main-allocator-block-size=16777216"
    "memorysetup-gfx-thread-allocator-block-size=16777216"
    "memorysetup-cache-allocator-block-size=4194304"
    "memorysetup-typetree-allocator-block-size=2097152"
    "memorysetup-profiler-bucket-allocator-granularity=16"
    "memorysetup-profiler-bucket-allocator-bucket-count=8"
    "memorysetup-profiler-bucket-allocator-block-size=33554432"
    "memorysetup-profiler-bucket-allocator-block-count=8"
    "memorysetup-profiler-allocator-block-size=16777216"
    "memorysetup-profiler-editor-allocator-block-size=1048576"
    "memorysetup-temp-allocator-size-main=16777216"
    "memorysetup-job-temp-allocator-block-size=2097152"
    "memorysetup-job-temp-allocator-block-size-background=1048576"
    "memorysetup-job-temp-allocator-reduction-small-platforms=262144"
    "memorysetup-temp-allocator-size-background-worker=32768"
    "memorysetup-temp-allocator-size-job-worker=262144"
    "memorysetup-temp-allocator-size-preload-manager=33554432"
    "memorysetup-temp-allocator-size-nav-mesh-worker=65536"
    "memorysetup-temp-allocator-size-audio-worker=65536"
    "memorysetup-temp-allocator-size-cloud-worker=32768"
    "memorysetup-temp-allocator-size-gi-baking-worker=262144"
    "memorysetup-temp-allocator-size-gfx=262144"
Refreshing native plugins compatible for Editor in 71.85 ms, found 5 plugins.
Preloading 0 native plugins for Editor in 0.00 ms.
Initialize engine version: 2021.3.2f1 (d6360bedb9a0)
[Subsystems] Discovering subsystems at path F:/2021.3.2f1/Editor/Data/Resources/UnitySubsystems
[Subsystems] Discovering subsystems at path C:/Users/Janich/programowanie_gier/Assets
GfxDevice: creating device client; threaded=0; jobified=0
Direct3D:
    Version:  Direct3D 11.0 [level 11.1]
    Renderer: NVIDIA GeForce RTX 2060 (ID=0x1f03)
    Vendor:   NVIDIA
    VRAM:     12087 MB
    Driver:   31.0.15.1640
Initialize mono
Mono path[0] = 'F:/2021.3.2f1/Editor/Data/Managed'
Mono path[1] = 'F:/2021.3.2f1/Editor/Data/MonoBleedingEdge/lib/mono/unityjit-win32'
Mono config path = 'F:/2021.3.2f1/Editor/Data/MonoBleedingEdge/etc'
Using monoOptions --debugger-agent=transport=dt_socket,embedding=1,server=y,suspend=n,address=127.0.0.1:56728
Begin MonoManager ReloadAssembly
Registering precompiled unity dll's ...
Register platform support module: F:/2021.3.2f1/Editor/Data/PlaybackEngines/WebGLSupport/UnityEditor.WebGL.Extensions.dll
Register platform support module: F:/2021.3.2f1/Editor/Data/PlaybackEngines/WindowsStandaloneSupport/UnityEditor.WindowsStandalone.Extensions.dll
Registered in 0.003735 seconds.
Native extension for WindowsStandalone target not found
Native extension for WebGL target not found
Refreshing native plugins compatible for Editor in 77.50 ms, found 5 plugins.
Preloading 0 native plugins for Editor in 0.00 ms.
Mono: successfully reloaded assembly
- Completed reload, in  0.589 seconds
Domain Reload Profiling:
	ReloadAssembly (590ms)
		BeginReloadAssembly (78ms)
			ExecutionOrderSort (0ms)
			DisableScriptedObjects (0ms)
			BackupInstance (0ms)
			ReleaseScriptingObjects (0ms)
			CreateAndSetChildDomain (1ms)
		EndReloadAssembly (415ms)
			LoadAssemblies (78ms)
			RebuildTransferFunctionScriptingTraits (0ms)
			SetupTypeCache (96ms)
			ReleaseScriptCaches (0ms)
			RebuildScriptCaches (24ms)
			SetupLoadedEditorAssemblies (252ms)
				LogAssemblyErrors (0ms)
				InitializePlatformSupportModulesInManaged (6ms)
				SetLoadedEditorAssemblies (0ms)
				RefreshPlugins (78ms)
				BeforeProcessingInitializeOnLoad (1ms)
				ProcessInitializeOnLoadAttributes (127ms)
				ProcessInitializeOnLoadMethodAttributes (40ms)
				AfterProcessingInitializeOnLoad (0ms)
				EditorAssembliesLoaded (0ms)
			ExecutionOrderSort2 (0ms)
			AwakeInstancesAfterBackupRestoration (0ms)
Platform modules already initialized, skipping
Registering precompiled user dll's ...
Registered in 0.011346 seconds.
Begin MonoManager ReloadAssembly
Native extension for WindowsStandalone target not found
Native extension for WebGL target not found
Refreshing native plugins compatible for Editor in 0.63 ms, found 5 plugins.
Preloading 0 native plugins for Editor in 0.00 ms.
Mono: successfully reloaded assembly
- Completed reload, in  0.905 seconds
Domain Reload Profiling:
	ReloadAssembly (906ms)
		BeginReloadAssembly (117ms)
			ExecutionOrderSort (0ms)
			DisableScriptedObjects (5ms)
			BackupInstance (0ms)
			ReleaseScriptingObjects (0ms)
			CreateAndSetChildDomain (19ms)
		EndReloadAssembly (682ms)
			LoadAssemblies (86ms)
			RebuildTransferFunctionScriptingTraits (0ms)
			SetupTypeCache (207ms)
			ReleaseScriptCaches (1ms)
			RebuildScriptCaches (43ms)
			SetupLoadedEditorAssemblies (326ms)
				LogAssemblyErrors (0ms)
				InitializePlatformSupportModulesInManaged (5ms)
				SetLoadedEditorAssemblies (0ms)
				RefreshPlugins (1ms)
				BeforeProcessingInitializeOnLoad (74ms)
				ProcessInitializeOnLoadAttributes (218ms)
				ProcessInitializeOnLoadMethodAttributes (25ms)
				AfterProcessingInitializeOnLoad (3ms)
				EditorAssembliesLoaded (0ms)
			ExecutionOrderSort2 (0ms)
			AwakeInstancesAfterBackupRestoration (5ms)
Platform modules already initialized, skipping
========================================================================
Worker process is ready to serve import requests
Launched and connected shader compiler UnityShaderCompiler.exe after 0.06 seconds
Refreshing native plugins compatible for Editor in 0.73 ms, found 5 plugins.
Preloading 0 native plugins for Editor in 0.00 ms.
Unloading 3258 Unused Serialized files (Serialized files now loaded: 0)
Unloading 40 unused Assets / (57.2 KB). Loaded Objects now: 3743.
Memory consumption went from 112.0 MB to 112.0 MB.
Total: 3.026700 ms (FindLiveObjects: 0.495400 ms CreateObjectMapping: 0.110300 ms MarkObjects: 2.358900 ms  DeleteObjects: 0.060800 ms)

AssetImportParameters requested are different than current active one (requested -> active):
  custom:video-decoder-ogg-theora: a1e56fd34408186e4bbccfd4996cb3dc -> 
  custom:container-muxer-webm: aa71ff27fc2769a1b78a27578f13a17b -> 
  custom:container-demuxer-webm: 4f35f7cbe854078d1ac9338744f61a02 -> 
  custom:video-encoder-webm-vp8: eb34c28f22e8b96e1ab97ce403110664 -> 
  custom:audio-encoder-webm-vorbis: bf7c407c2cedff20999df2af8eb42d56 -> 
  custom:framework-win-MediaFoundation: 216162199b28c13a410421893ffa2e32 -> 
  custom:container-demuxer-ogg: 62fdf1f143b41e24485cea50d1cbac27 -> 
  custom:video-decoder-webm-vp8: 9c59270c3fd7afecdb556c50c9e8de78 -> 
  custom:audio-decoder-ogg-vorbis: bf7c407c2cedff20999df2af8eb42d56 -> 
========================================================================
Received Import Request.
  Time since last request: 7996.854921 seconds.
  path: Assets/Sprite/Statki/SpaceShooterAssetPack_Ships_1_5.png
  artifactKey: Guid(55d2fb13b7e1117449810be02217a3db) Importer(815301076,1909f56bfc062723c751e8b465ee728b)
Start importing Assets/Sprite/Statki/SpaceShooterAssetPack_Ships_1_5.png using Guid(55d2fb13b7e1117449810be02217a3db) Importer(815301076,1909f56bfc062723c751e8b465ee728b)  -> (artifact id: '3c6a85febc999d5d12832a0c70c8d141') in 0.074204 seconds 
========================================================================
Received Import Request.
  Time since last request: 0.000025 seconds.
  path: Assets/Sprite/Statki/SpaceShooterAssetPack_Ships_4_2.png
  artifactKey: Guid(7d440581f1844024397a76b98ad84b24) Importer(815301076,1909f56bfc062723c751e8b465ee728b)
Start importing Assets/Sprite/Statki/SpaceShooterAssetPack_Ships_4_2.png using Guid(7d440581f1844024397a76b98ad84b24) Importer(815301076,1909f56bfc062723c751e8b465ee728b)  -> (artifact id: 'acb98aa5ec2048b65f50b806bbc94351') in 0.013792 seconds 
========================================================================
Received Import Request.
  Time since last request: 0.000023 seconds.
  path: Assets/Sprite/Statki/SpaceShooterAssetPack_Ships_3_8.png
  artifactKey: Guid(9722b019713420340bbb3dc2a3d6ff97) Importer(815301076,1909f56bfc062723c751e8b465ee728b)
Start importing Assets/Sprite/Statki/SpaceShooterAssetPack_Ships_3_8.png using Guid(9722b019713420340bbb3dc2a3d6ff97) Importer(815301076,1909f56bfc062723c751e8b465ee728b)  -> (artifact id: '6662ad1b7f8df07f7208ff469f74951d') in 0.012203 seconds 
========================================================================
Received Import Request.
  Time since last request: 0.000024 seconds.
  path: Assets/Sprite/Statki/SpaceShooterAssetPack_Ships_4_7.png
  artifactKey: Guid(82132418fb24024499440bfc3e1d22d8) Importer(815301076,1909f56bfc062723c751e8b465ee728b)
Start importing Assets/Sprite/Statki/SpaceShooterAssetPack_Ships_4_7.png using Guid(82132418fb24024499440bfc3e1d22d8) Importer(815301076,1909f56bfc062723c751e8b465ee728b)  -> (artifact id: 'b3b72937a67eaa25bb574352418c3329') in 0.010869 seconds 
========================================================================
Received Import Request.
  Time since last request: 0.000019 seconds.
  path: Assets/Sprite/Statki/SpaceShooterAssetPack_Ships_3_2.png
  artifactKey: Guid(c7d807fe2fa7a81498a17912924b8499) Importer(815301076,1909f56bfc062723c751e8b465ee728b)
Start importing Assets/Sprite/Statki/SpaceShooterAssetPack_Ships_3_2.png using Guid(c7d807fe2fa7a81498a17912924b8499) Importer(815301076,1909f56bfc062723c751e8b465ee728b)  -> (artifact id: '7237cade284b01e22e747695f5c4e44b') in 0.012609 seconds 
========================================================================
Received Import Request.
  Time since last request: 0.000025 seconds.
  path: Assets/Sprite/Statki/SpaceShooterAssetPack_Ships_5_7.png
  artifactKey: Guid(459354e1912371e439f4dbba1b3cae2a) Importer(815301076,1909f56bfc062723c751e8b465ee728b)
Start importing Assets/Sprite/Statki/SpaceShooterAssetPack_Ships_5_7.png using Guid(459354e1912371e439f4dbba1b3cae2a) Importer(815301076,1909f56bfc062723c751e8b465ee728b)  -> (artifact id: '1cab9007e9efe1f64e9b561db8fd578f') in 0.010031 seconds 
========================================================================
Received Import Request.
  Time since last request: 0.000027 seconds.
  path: Assets/Sprite/Statki/SpaceShooterAssetPack_Ships_1_6.png
  artifactKey: Guid(37d5a7687c258dc46a85d471cfa074c4) Importer(815301076,1909f56bfc062723c751e8b465ee728b)
Start importing Assets/Sprite/Statki/SpaceShooterAssetPack_Ships_1_6.png using Guid(37d5a7687c258dc46a85d471cfa074c4) Importer(815301076,1909f56bfc062723c751e8b465ee728b)  -> (artifact id: '1739135f94e52a09c64e8aa56ab48d91') in 0.010375 seconds 
========================================================================
Received Import Request.
  Time since last request: 0.000024 seconds.
  path: Assets/Sprite/Statki/SpaceShooterAssetPack_Ships_5_9.png
  artifactKey: Guid(04c323078db208046ab29cdf4c28aa3d) Importer(815301076,1909f56bfc062723c751e8b465ee728b)
Start importing Assets/Sprite/Statki/SpaceShooterAssetPack_Ships_5_9.png using Guid(04c323078db208046ab29cdf4c28aa3d) Importer(815301076,1909f56bfc062723c751e8b465ee728b)  -> (artifact id: '6b4766ce76e13e192b2bcac19ce63637') in 0.010247 seconds 
========================================================================
Received Import Request.
  Time since last request: 0.000021 seconds.
  path: Assets/Sprite/Statki/SpaceShooterAssetPack_Ships_4_10.png
  artifactKey: Guid(f33c653cc660ae34d88c26cc5b342284) Importer(815301076,1909f56bfc062723c751e8b465ee728b)
Start importing Assets/Sprite/Statki/SpaceShooterAssetPack_Ships_4_10.png using Guid(f33c653cc660ae34d88c26cc5b342284) Importer(815301076,1909f56bfc062723c751e8b465ee728b)  -> (artifact id: 'd5836f365c419b803fc6e7c2301b75b8') in 0.011365 seconds 
========================================================================
Received Import Request.
  Time since last request: 0.000022 seconds.
  path: Assets/Sprite/Statki/SpaceShooterAssetPack_Ships_2_10.png
  artifactKey: Guid(debcecd88470a0c4f91a23d49a24aeff) Importer(815301076,1909f56bfc062723c751e8b465ee728b)
Start importing Assets/Sprite/Statki/SpaceShooterAssetPack_Ships_2_10.png using Guid(debcecd88470a0c4f91a23d49a24aeff) Importer(815301076,1909f56bfc062723c751e8b465ee728b)  -> (artifact id: '5f0996dbe13837f5f1273b1c8cd8de32') in 0.010392 seconds 
========================================================================
Received Import Request.
  Time since last request: 0.000023 seconds.
  path: Assets/Sprite/Statki/SpaceShooterAssetPack_Ships_3_5.png
  artifactKey: Guid(321faa0e311d0484bb14fc99fae813a9) Importer(815301076,1909f56bfc062723c751e8b465ee728b)
Start importing Assets/Sprite/Statki/SpaceShooterAssetPack_Ships_3_5.png using Guid(321faa0e311d0484bb14fc99fae813a9) Importer(815301076,1909f56bfc062723c751e8b465ee728b)  -> (artifact id: 'abdac35010cc57fea158f30252d1b124') in 0.011233 seconds 
========================================================================
Received Import Request.
  Time since last request: 0.000023 seconds.
  path: Assets/Sprite/Statki/SpaceShooterAssetPack_Ships_6_5.png
  artifactKey: Guid(cad6a3db762f63a4dacec8f55a825a86) Importer(815301076,1909f56bfc062723c751e8b465ee728b)
Start importing Assets/Sprite/Statki/SpaceShooterAssetPack_Ships_6_5.png using Guid(cad6a3db762f63a4dacec8f55a825a86) Importer(815301076,1909f56bfc062723c751e8b465ee728b)  -> (artifact id: '4d630472bf85628f866fd51f7edc18c6') in 0.011336 seconds 
========================================================================
Received Import Request.
  Time since last request: 0.000021 seconds.
  path: Assets/Sprite/Statki/SpaceShooterAssetPack_Ships_4_9.png
  artifactKey: Guid(a2f67edbc65c8cf4d8483969a7f39046) Importer(815301076,1909f56bfc062723c751e8b465ee728b)
Start importing Assets/Sprite/Statki/SpaceShooterAssetPack_Ships_4_9.png using Guid(a2f67edbc65c8cf4d8483969a7f39046) Importer(815301076,1909f56bfc062723c751e8b465ee728b)  -> (artifact id: 'e4590c923f9f8c0721f79c0af0cdb9d1') in 0.009962 seconds 
========================================================================
Received Import Request.
  Time since last request: 0.000019 seconds.
  path: Assets/Sprite/Statki/SpaceShooterAssetPack_Ships_6_7.png
  artifactKey: Guid(6c0569f5741a8ed418d1e416d6a28a1a) Importer(815301076,1909f56bfc062723c751e8b465ee728b)
Start importing Assets/Sprite/Statki/SpaceShooterAssetPack_Ships_6_7.png using Guid(6c0569f5741a8ed418d1e416d6a28a1a) Importer(815301076,1909f56bfc062723c751e8b465ee728b)  -> (artifact id: '2e76a80fefe61b0dda88a3f6230c8909') in 0.011724 seconds 
========================================================================
Received Import Request.
  Time since last request: 0.000023 seconds.
  path: Assets/Sprite/Statki/SpaceShooterAssetPack_Ships_5_2.png
  artifactKey: Guid(6ee1663553be61646aaffb82597c790b) Importer(815301076,1909f56bfc062723c751e8b465ee728b)
Start importing Assets/Sprite/Statki/SpaceShooterAssetPack_Ships_5_2.png using Guid(6ee1663553be61646aaffb82597c790b) Importer(815301076,1909f56bfc062723c751e8b465ee728b)  -> (artifact id: 'de07bd6d93757e1748909dc2bfd9c5d8') in 0.011288 seconds 
========================================================================
Received Import Request.
  Time since last request: 0.000023 seconds.
  path: Assets/Sprite/Statki/SpaceShooterAssetPack_Ships_4_5.png
  artifactKey: Guid(942dd2416f2fcdf44877c939455d59b2) Importer(815301076,1909f56bfc062723c751e8b465ee728b)
Start importing Assets/Sprite/Statki/SpaceShooterAssetPack_Ships_4_5.png using Guid(942dd2416f2fcdf44877c939455d59b2) Importer(815301076,1909f56bfc062723c751e8b465ee728b)  -> (artifact id: '1a0d869793774a2be76ab9f11999eeb1') in 0.011015 seconds 
========================================================================
Received Import Request.
  Time since last request: 0.000019 seconds.
  path: Assets/Sprite/Statki/SpaceShooterAssetPack_Ships_4_4.png
  artifactKey: Guid(9cb778f3daa40864d91bc49264b50ac7) Importer(815301076,1909f56bfc062723c751e8b465ee728b)
Start importing Assets/Sprite/Statki/SpaceShooterAssetPack_Ships_4_4.png using Guid(9cb778f3daa40864d91bc49264b50ac7) Importer(815301076,1909f56bfc062723c751e8b465ee728b)  -> (artifact id: '241dfac73c7d90675b106e4831828549') in 0.011788 seconds 
========================================================================
Received Import Request.
  Time since last request: 0.000024 seconds.
  path: Assets/Sprite/Statki/SpaceShooterAssetPack_Ships_2_6.png
  artifactKey: Guid(43a057045623a3c40b43663c647d0895) Importer(815301076,1909f56bfc062723c751e8b465ee728b)
Start importing Assets/Sprite/Statki/SpaceShooterAssetPack_Ships_2_6.png using Guid(43a057045623a3c40b43663c647d0895) Importer(815301076,1909f56bfc062723c751e8b465ee728b)  -> (artifact id: 'aeed30887a5f2dda459a3721af42ba84') in 0.011631 seconds 
========================================================================
Received Import Request.
  Time since last request: 0.000023 seconds.
  path: Assets/Sprite/Statki/SpaceShooterAssetPack_Ships_4_6.png
  artifactKey: Guid(c4e1fd27b8db81943a614ebc60c82bfa) Importer(815301076,1909f56bfc062723c751e8b465ee728b)
Start importing Assets/Sprite/Statki/SpaceShooterAssetPack_Ships_4_6.png using Guid(c4e1fd27b8db81943a614ebc60c82bfa) Importer(815301076,1909f56bfc062723c751e8b465ee728b)  -> (artifact id: '3a7c1c4c093ecdcff3c863b11747e99e') in 0.010498 seconds 
========================================================================
Received Import Request.
  Time since last request: 0.000025 seconds.
  path: Assets/Sprite/Statki/SpaceShooterAssetPack_Ships_5_10.png
  artifactKey: Guid(f1a3988616179e341b61b4a088f846c7) Importer(815301076,1909f56bfc062723c751e8b465ee728b)
Start importing Assets/Sprite/Statki/SpaceShooterAssetPack_Ships_5_10.png using Guid(f1a3988616179e341b61b4a088f846c7) Importer(815301076,1909f56bfc062723c751e8b465ee728b)  -> (artifact id: 'ac64efff4c833ea2e98b44d0d643eebe') in 0.009795 seconds 
========================================================================
Received Import Request.
  Time since last request: 0.000031 seconds.
  path: Assets/Sprite/Statki/SpaceShooterAssetPack_Ships_2_5.png
  artifactKey: Guid(f756cb533e46fef4a8ae3e69ab377eb5) Importer(815301076,1909f56bfc062723c751e8b465ee728b)
Start importing Assets/Sprite/Statki/SpaceShooterAssetPack_Ships_2_5.png using Guid(f756cb533e46fef4a8ae3e69ab377eb5) Importer(815301076,1909f56bfc062723c751e8b465ee728b)  -> (artifact id: 'ab47ccff29b1aa7787e74f0e6a3b4c84') in 0.013799 seconds 
========================================================================
Received Import Request.
  Time since last request: 19.410772 seconds.
  path: Assets/Sprite/Lasery/SpaceShooterAssetPack_Projectiles_1_2.png
  artifactKey: Guid(64506b31fce6fe64bb578096c7167016) Importer(815301076,1909f56bfc062723c751e8b465ee728b)
Start importing Assets/Sprite/Lasery/SpaceShooterAssetPack_Projectiles_1_2.png using Guid(64506b31fce6fe64bb578096c7167016) Importer(815301076,1909f56bfc062723c751e8b465ee728b)  -> (artifact id: '347fc2c403091ea212e0034782dc8c37') in 0.010769 seconds 
========================================================================
Received Import Request.
  Time since last request: 0.000024 seconds.
  path: Assets/Sprite/Lasery/SpaceShooterAssetPack_Projectiles_8_4.png
  artifactKey: Guid(986acdb0177ff724b9c66f3acd8ee3a0) Importer(815301076,1909f56bfc062723c751e8b465ee728b)
Start importing Assets/Sprite/Lasery/SpaceShooterAssetPack_Projectiles_8_4.png using Guid(986acdb0177ff724b9c66f3acd8ee3a0) Importer(815301076,1909f56bfc062723c751e8b465ee728b)  -> (artifact id: 'c7a31ab5e8ce9482180dbcee8448dbd0') in 0.010661 seconds 
========================================================================
Received Import Request.
  Time since last request: 0.000019 seconds.
  path: Assets/Sprite/Lasery/SpaceShooterAssetPack_Projectiles_6_1.png
  artifactKey: Guid(7aa52d1d1cc5c1748b3dba11da77af7f) Importer(815301076,1909f56bfc062723c751e8b465ee728b)
Start importing Assets/Sprite/Lasery/SpaceShooterAssetPack_Projectiles_6_1.png using Guid(7aa52d1d1cc5c1748b3dba11da77af7f) Importer(815301076,1909f56bfc062723c751e8b465ee728b)  -> (artifact id: '58a2bcc1cfdbb873119f1211cb3f4798') in 0.010730 seconds 
========================================================================
Received Import Request.
  Time since last request: 0.000020 seconds.
  path: Assets/Sprite/Lasery/SpaceShooterAssetPack_Projectiles_7_5.png
  artifactKey: Guid(39ff46762358d1f40a7b24e883715ff1) Importer(815301076,1909f56bfc062723c751e8b465ee728b)
Start importing Assets/Sprite/Lasery/SpaceShooterAssetPack_Projectiles_7_5.png using Guid(39ff46762358d1f40a7b24e883715ff1) Importer(815301076,1909f56bfc062723c751e8b465ee728b)  -> (artifact id: '73787e2e2105322b5ffe6722aea28bb8') in 0.010723 seconds 
========================================================================
Received Import Request.
  Time since last request: 0.000019 seconds.
  path: Assets/Sprite/Lasery/SpaceShooterAssetPack_Projectiles_3_1.png
  artifactKey: Guid(17d8f0ecbe7c679419cd30f963f31f3c) Importer(815301076,1909f56bfc062723c751e8b465ee728b)
Start importing Assets/Sprite/Lasery/SpaceShooterAssetPack_Projectiles_3_1.png using Guid(17d8f0ecbe7c679419cd30f963f31f3c) Importer(815301076,1909f56bfc062723c751e8b465ee728b)  -> (artifact id: '7f743bae3f59bcc46a1a58ca2f94b8a7') in 0.010328 seconds 
========================================================================
Received Import Request.
  Time since last request: 0.000036 seconds.
  path: Assets/Sprite/Lasery/SpaceShooterAssetPack_Projectiles_5_3.png
  artifactKey: Guid(d6d1bd4a709399a43817775aaaa5c80c) Importer(815301076,1909f56bfc062723c751e8b465ee728b)
Start importing Assets/Sprite/Lasery/SpaceShooterAssetPack_Projectiles_5_3.png using Guid(d6d1bd4a709399a43817775aaaa5c80c) Importer(815301076,1909f56bfc062723c751e8b465ee728b)  -> (artifact id: 'a358faeb410fc6673a561a7d9546c3e5') in 0.010928 seconds 
========================================================================
Received Import Request.
  Time since last request: 0.000024 seconds.
  path: Assets/Sprite/Lasery/SpaceShooterAssetPack_Projectiles_1_4.png
  artifactKey: Guid(9fe122f59087f824f90c15f6bd71ed83) Importer(815301076,1909f56bfc062723c751e8b465ee728b)
Start importing Assets/Sprite/Lasery/SpaceShooterAssetPack_Projectiles_1_4.png using Guid(9fe122f59087f824f90c15f6bd71ed83) Importer(815301076,1909f56bfc062723c751e8b465ee728b)  -> (artifact id: '74b48a63741a775e8f27f4fe99d84da2') in 0.010410 seconds 
========================================================================
Received Import Request.
  Time since last request: 0.000024 seconds.
  path: Assets/Sprite/Lasery/SpaceShooterAssetPack_Projectiles_7_1.png
  artifactKey: Guid(d14b2e89040e62148be152c4e948e631) Importer(815301076,1909f56bfc062723c751e8b465ee728b)
Start importing Assets/Sprite/Lasery/SpaceShooterAssetPack_Projectiles_7_1.png using Guid(d14b2e89040e62148be152c4e948e631) Importer(815301076,1909f56bfc062723c751e8b465ee728b)  -> (artifact id: 'd752d202d3547335376d3325b3146c09') in 0.009971 seconds 
========================================================================
Received Import Request.
  Time since last request: 0.000022 seconds.
  path: Assets/Sprite/Lasery/SpaceShooterAssetPack_Projectiles_2_3.png
  artifactKey: Guid(b82a83c90f8d57e4a9363632cf1f6ce6) Importer(815301076,1909f56bfc062723c751e8b465ee728b)
Start importing Assets/Sprite/Lasery/SpaceShooterAssetPack_Projectiles_2_3.png using Guid(b82a83c90f8d57e4a9363632cf1f6ce6) Importer(815301076,1909f56bfc062723c751e8b465ee728b)  -> (artifact id: 'a15157585e368565ee8ae468a7208553') in 0.011000 seconds 
========================================================================
Received Import Request.
  Time since last request: 0.000024 seconds.
  path: Assets/Sprite/Lasery/SpaceShooterAssetPack_Projectiles_1_3.png
  artifactKey: Guid(27ec359f1c712b042a16ff01657dfc30) Importer(815301076,1909f56bfc062723c751e8b465ee728b)
Start importing Assets/Sprite/Lasery/SpaceShooterAssetPack_Projectiles_1_3.png using Guid(27ec359f1c712b042a16ff01657dfc30) Importer(815301076,1909f56bfc062723c751e8b465ee728b)  -> (artifact id: '509b1d7551d59d86fdf14191fdcad9f6') in 0.010099 seconds 
========================================================================
Received Import Request.
  Time since last request: 0.000027 seconds.
  path: Assets/Sprite/Lasery/SpaceShooterAssetPack_Projectiles_6_6.png
  artifactKey: Guid(bd6c6afc236c66143835653add7f1e2b) Importer(815301076,1909f56bfc062723c751e8b465ee728b)
Start importing Assets/Sprite/Lasery/SpaceShooterAssetPack_Projectiles_6_6.png using Guid(bd6c6afc236c66143835653add7f1e2b) Importer(815301076,1909f56bfc062723c751e8b465ee728b)  -> (artifact id: '9351eafb4743dd3fab26147debe2e212') in 0.009902 seconds 
========================================================================
Received Import Request.
  Time since last request: 0.000022 seconds.
  path: Assets/Sprite/Lasery/SpaceShooterAssetPack_Projectiles_3_2.png
  artifactKey: Guid(0e4044a3e94f6824aa564fbe73bac045) Importer(815301076,1909f56bfc062723c751e8b465ee728b)
Start importing Assets/Sprite/Lasery/SpaceShooterAssetPack_Projectiles_3_2.png using Guid(0e4044a3e94f6824aa564fbe73bac045) Importer(815301076,1909f56bfc062723c751e8b465ee728b)  -> (artifact id: 'bc05eca4731b39c26098ea5b345b54e7') in 0.009789 seconds 
========================================================================
Received Import Request.
  Time since last request: 0.000022 seconds.
  path: Assets/Sprite/Lasery/SpaceShooterAssetPack_Projectiles_2_5.png
  artifactKey: Guid(6eb22ec11a3c0214185776a3b8a340c1) Importer(815301076,1909f56bfc062723c751e8b465ee728b)
Start importing Assets/Sprite/Lasery/SpaceShooterAssetPack_Projectiles_2_5.png using Guid(6eb22ec11a3c0214185776a3b8a340c1) Importer(815301076,1909f56bfc062723c751e8b465ee728b)  -> (artifact id: '5a27493dc49a61b867c0d1a2712ead4d') in 0.009470 seconds 
========================================================================
Received Import Request.
  Time since last request: 0.000022 seconds.
  path: Assets/Sprite/Lasery/SpaceShooterAssetPack_Projectiles_4_3.png
  artifactKey: Guid(298354cdc6c2ad344a9ff1054e198e1a) Importer(815301076,1909f56bfc062723c751e8b465ee728b)
Start importing Assets/Sprite/Lasery/SpaceShooterAssetPack_Projectiles_4_3.png using Guid(298354cdc6c2ad344a9ff1054e198e1a) Importer(815301076,1909f56bfc062723c751e8b465ee728b)  -> (artifact id: 'faaf01d804a9dc7ad132fa19172d5a85') in 0.010708 seconds 
========================================================================
Received Import Request.
  Time since last request: 0.000022 seconds.
  path: Assets/Sprite/Lasery/SpaceShooterAssetPack_Projectiles_4_5.png
  artifactKey: Guid(3bed28b6461611c40a31b70a83748c89) Importer(815301076,1909f56bfc062723c751e8b465ee728b)
Start importing Assets/Sprite/Lasery/SpaceShooterAssetPack_Projectiles_4_5.png using Guid(3bed28b6461611c40a31b70a83748c89) Importer(815301076,1909f56bfc062723c751e8b465ee728b)  -> (artifact id: 'a59aa99d2aa399f0caa7b9a20097c354') in 0.010897 seconds 
========================================================================
Received Import Request.
  Time since last request: 0.000024 seconds.
  path: Assets/Sprite/Lasery/SpaceShooterAssetPack_Projectiles_6_4.png
  artifactKey: Guid(34c68a5a82cafad4b9e4b2bb1040aa5c) Importer(815301076,1909f56bfc062723c751e8b465ee728b)
Start importing Assets/Sprite/Lasery/SpaceShooterAssetPack_Projectiles_6_4.png using Guid(34c68a5a82cafad4b9e4b2bb1040aa5c) Importer(815301076,1909f56bfc062723c751e8b465ee728b)  -> (artifact id: '0d740bc52fbe6b66e1658b2f0524e320') in 0.010700 seconds 
========================================================================
Received Import Request.
  Time since last request: 0.000020 seconds.
  path: Assets/Sprite/Lasery/SpaceShooterAssetPack_Projectiles_7_3.png
  artifactKey: Guid(c54a3cc58218a2c4787ce7b0231ee724) Importer(815301076,1909f56bfc062723c751e8b465ee728b)
Start importing Assets/Sprite/Lasery/SpaceShooterAssetPack_Projectiles_7_3.png using Guid(c54a3cc58218a2c4787ce7b0231ee724) Importer(815301076,1909f56bfc062723c751e8b465ee728b)  -> (artifact id: '1872fa61d5546e48e42f094f2227cf74') in 0.010370 seconds 
========================================================================
Received Import Request.
  Time since last request: 0.000023 seconds.
  path: Assets/Sprite/Lasery/SpaceShooterAssetPack_Projectiles_3_5.png
  artifactKey: Guid(2359d26f508f340419f969fbe4b2ec46) Importer(815301076,1909f56bfc062723c751e8b465ee728b)
Start importing Assets/Sprite/Lasery/SpaceShooterAssetPack_Projectiles_3_5.png using Guid(2359d26f508f340419f969fbe4b2ec46) Importer(815301076,1909f56bfc062723c751e8b465ee728b)  -> (artifact id: '742c7e87326dfdda032b27a20e20d7ed') in 0.010492 seconds 
========================================================================
Received Import Request.
  Time since last request: 0.000022 seconds.
  path: Assets/Sprite/Lasery/SpaceShooterAssetPack_Projectiles_2_1.png
  artifactKey: Guid(590ad2cdd5cc260498f42b893b918ead) Importer(815301076,1909f56bfc062723c751e8b465ee728b)
Start importing Assets/Sprite/Lasery/SpaceShooterAssetPack_Projectiles_2_1.png using Guid(590ad2cdd5cc260498f42b893b918ead) Importer(815301076,1909f56bfc062723c751e8b465ee728b)  -> (artifact id: 'da464873966f0c72c7ea0996c6371f38') in 0.011142 seconds 
========================================================================
Received Import Request.
  Time since last request: 0.000024 seconds.
  path: Assets/Sprite/Lasery/SpaceShooterAssetPack_Projectiles_5_4.png
  artifactKey: Guid(20bf56c538256d14f91869d5bb19a1d0) Importer(815301076,1909f56bfc062723c751e8b465ee728b)
Start importing Assets/Sprite/Lasery/SpaceShooterAssetPack_Projectiles_5_4.png using Guid(20bf56c538256d14f91869d5bb19a1d0) Importer(815301076,1909f56bfc062723c751e8b465ee728b)  -> (artifact id: 'fec7ccc4e6a1a29dd6835f0e2379666e') in 0.012064 seconds 
========================================================================
Received Import Request.
  Time since last request: 0.000019 seconds.
  path: Assets/Sprite/Lasery/SpaceShooterAssetPack_Projectiles_3_6.png
  artifactKey: Guid(04adad4ceb86b2746b54560119e6e84b) Importer(815301076,1909f56bfc062723c751e8b465ee728b)
Start importing Assets/Sprite/Lasery/SpaceShooterAssetPack_Projectiles_3_6.png using Guid(04adad4ceb86b2746b54560119e6e84b) Importer(815301076,1909f56bfc062723c751e8b465ee728b)  -> (artifact id: '28a7d5750f2ea4f902070c632f7e8f23') in 0.010494 seconds 
========================================================================
Received Import Request.
  Time since last request: 0.000030 seconds.
  path: Assets/Sprite/Lasery/SpaceShooterAssetPack_Projectiles_2_4.png
  artifactKey: Guid(71373084859640b45a096cd61671a0a2) Importer(815301076,1909f56bfc062723c751e8b465ee728b)
Start importing Assets/Sprite/Lasery/SpaceShooterAssetPack_Projectiles_2_4.png using Guid(71373084859640b45a096cd61671a0a2) Importer(815301076,1909f56bfc062723c751e8b465ee728b)  -> (artifact id: '74e1e97da6915a52ac8bfc29d7085a2f') in 0.011178 seconds 
========================================================================
Received Import Request.
  Time since last request: 0.000028 seconds.
  path: Assets/Sprite/Lasery/SpaceShooterAssetPack_Projectiles_1_6.png
  artifactKey: Guid(c7c783ad53bec4b438f5513ece326c9b) Importer(815301076,1909f56bfc062723c751e8b465ee728b)
Start importing Assets/Sprite/Lasery/SpaceShooterAssetPack_Projectiles_1_6.png using Guid(c7c783ad53bec4b438f5513ece326c9b) Importer(815301076,1909f56bfc062723c751e8b465ee728b)  -> (artifact id: '8795f50778ec9be4ce26480ba04feb5f') in 0.012852 seconds 
